# JRE version: Java(TM) SE Runtime Environment (21.0.4+8) (build 21.0.4+8-LTS-274)
# Java VM: Java HotSpot(TM) 64-Bit Server VM (21.0.4+8-LTS-274, mixed mode, emulated-client, sharing, tiered, compressed oops, compressed class ptrs, g1 gc, windows-amd64)
GC Precious Log:
 CardTable entry size: 512
 Card Set container configuration: InlinePtr #cards 4 size 8 Array Of Cards #cards 64 size 144 Howl #buckets 8 coarsen threshold 14745 Howl Bitmap #cards 2048 size 272 coarsen threshold 1843 Card regions per heap region 1 cards per card region 16384
 CPUs: 8 total, 8 available
 Memory: 40755M
 Large Page Support: Disabled
 NUMA Support: Disabled
 Compressed Oops: Enabled (Zero based)
 Heap Region Size: 8M
 Heap Min Capacity: 8M
 Heap Initial Capacity: 640M
 Heap Max Capacity: 10192M
 Pre-touch: Disabled
 Parallel Workers: 8
 Concurrent Workers: 2
 Concurrent Refinement Workers: 8
 Periodic GC: Disabled
Heap:
 garbage-first heap   total 98304K, used 50176K [0x0000000583000000, 0x0000000800000000)
  region size 8192K, 4 young (32768K), 1 survivors (8192K)
 Metaspace       used 70114K, committed 70848K, reserved 1114112K
  class space    used 9957K, committed 10304K, reserved 1048576K
GC Heap History (20 events):
Event: 351.800 GC heap after
{Heap after GC invocations=20 (full 3):
 garbage-first heap   total 98304K, used 28112K [0x0000000583000000, 0x0000000800000000)
  region size 8192K, 1 young (8192K), 1 survivors (8192K)
 Metaspace       used 69035K, committed 69760K, reserved 1114112K
  class space    used 9851K, committed 10240K, reserved 1048576K
}
Event: 352.421 GC heap before
{Heap before GC invocations=20 (full 3):
 garbage-first heap   total 98304K, used 69072K [0x0000000583000000, 0x0000000800000000)
  region size 8192K, 6 young (49152K), 1 survivors (8192K)
 Metaspace       used 69238K, committed 69952K, reserved 1114112K
  class space    used 9869K, committed 10240K, reserved 1048576K
}
Event: 352.424 GC heap after
{Heap after GC invocations=21 (full 3):
 garbage-first heap   total 98304K, used 30419K [0x0000000583000000, 0x0000000800000000)
  region size 8192K, 1 young (8192K), 1 survivors (8192K)
 Metaspace       used 69238K, committed 69952K, reserved 1114112K
  class space    used 9869K, committed 10240K, reserved 1048576K
}
Event: 352.929 GC heap before
{Heap before GC invocations=21 (full 3):
 garbage-first heap   total 98304K, used 71379K [0x0000000583000000, 0x0000000800000000)
  region size 8192K, 6 young (49152K), 1 survivors (8192K)
 Metaspace       used 69333K, committed 70016K, reserved 1114112K
  class space    used 9877K, committed 10240K, reserved 1048576K
}
Event: 352.932 GC heap after
{Heap after GC invocations=22 (full 3):
 garbage-first heap   total 98304K, used 32158K [0x0000000583000000, 0x0000000800000000)
  region size 8192K, 1 young (8192K), 1 survivors (8192K)
 Metaspace       used 69333K, committed 70016K, reserved 1114112K
  class space    used 9877K, committed 10240K, reserved 1048576K
}
Event: 474.662 GC heap before
{Heap before GC invocations=22 (full 3):
 garbage-first heap   total 98304K, used 40350K [0x0000000583000000, 0x0000000800000000)
  region size 8192K, 3 young (24576K), 1 survivors (8192K)
 Metaspace       used 69336K, committed 70016K, reserved 1114112K
  class space    used 9877K, committed 10240K, reserved 1048576K
}
Event: 474.769 GC heap after
{Heap after GC invocations=23 (full 4):
 garbage-first heap   total 98304K, used 25368K [0x0000000583000000, 0x0000000800000000)
  region size 8192K, 0 young (0K), 0 survivors (0K)
 Metaspace       used 69333K, committed 70016K, reserved 1114112K
  class space    used 9877K, committed 10240K, reserved 1048576K
}
Event: 476.966 GC heap before
{Heap before GC invocations=23 (full 4):
 garbage-first heap   total 98304K, used 74520K [0x0000000583000000, 0x0000000800000000)
  region size 8192K, 6 young (49152K), 0 survivors (0K)
 Metaspace       used 69446K, committed 70144K, reserved 1114112K
  class space    used 9893K, committed 10240K, reserved 1048576K
}
Event: 476.968 GC heap after
{Heap after GC invocations=24 (full 4):
 garbage-first heap   total 98304K, used 28402K [0x0000000583000000, 0x0000000800000000)
  region size 8192K, 1 young (8192K), 1 survivors (8192K)
 Metaspace       used 69446K, committed 70144K, reserved 1114112K
  class space    used 9893K, committed 10240K, reserved 1048576K
}
Event: 477.596 GC heap before
{Heap before GC invocations=24 (full 4):
 garbage-first heap   total 98304K, used 61170K [0x0000000583000000, 0x0000000800000000)
  region size 8192K, 6 young (49152K), 1 survivors (8192K)
 Metaspace       used 69673K, committed 70400K, reserved 1114112K
  class space    used 9911K, committed 10304K, reserved 1048576K
}
Event: 477.599 GC heap after
{Heap after GC invocations=25 (full 4):
 garbage-first heap   total 98304K, used 30765K [0x0000000583000000, 0x0000000800000000)
  region size 8192K, 1 young (8192K), 1 survivors (8192K)
 Metaspace       used 69673K, committed 70400K, reserved 1114112K
  class space    used 9911K, committed 10304K, reserved 1048576K
}
Event: 478.065 GC heap before
{Heap before GC invocations=25 (full 4):
 garbage-first heap   total 98304K, used 71725K [0x0000000583000000, 0x0000000800000000)
  region size 8192K, 6 young (49152K), 1 survivors (8192K)
 Metaspace       used 69740K, committed 70464K, reserved 1114112K
  class space    used 9917K, committed 10304K, reserved 1048576K
}
Event: 478.070 GC heap after
{Heap after GC invocations=26 (full 4):
 garbage-first heap   total 98304K, used 31935K [0x0000000583000000, 0x0000000800000000)
  region size 8192K, 1 young (8192K), 1 survivors (8192K)
 Metaspace       used 69740K, committed 70464K, reserved 1114112K
  class space    used 9917K, committed 10304K, reserved 1048576K
}
Event: 495.854 GC heap before
{Heap before GC invocations=26 (full 4):
 garbage-first heap   total 98304K, used 31935K [0x0000000583000000, 0x0000000800000000)
  region size 8192K, 2 young (16384K), 1 survivors (8192K)
 Metaspace       used 69743K, committed 70464K, reserved 1114112K
  class space    used 9918K, committed 10304K, reserved 1048576K
}
Event: 495.978 GC heap after
{Heap after GC invocations=27 (full 5):
 garbage-first heap   total 98304K, used 25130K [0x0000000583000000, 0x0000000800000000)
  region size 8192K, 0 young (0K), 0 survivors (0K)
 Metaspace       used 69738K, committed 70464K, reserved 1114112K
  class space    used 9917K, committed 10304K, reserved 1048576K
}
Event: 496.781 GC heap before
{Heap before GC invocations=27 (full 5):
 garbage-first heap   total 98304K, used 74282K [0x0000000583000000, 0x0000000800000000)
  region size 8192K, 6 young (49152K), 0 survivors (0K)
 Metaspace       used 69842K, committed 70592K, reserved 1114112K
  class space    used 9934K, committed 10304K, reserved 1048576K
}
Event: 496.784 GC heap after
{Heap after GC invocations=28 (full 5):
 garbage-first heap   total 98304K, used 29152K [0x0000000583000000, 0x0000000800000000)
  region size 8192K, 1 young (8192K), 1 survivors (8192K)
 Metaspace       used 69842K, committed 70592K, reserved 1114112K
  class space    used 9934K, committed 10304K, reserved 1048576K
}
Event: 497.295 GC heap before
{Heap before GC invocations=28 (full 5):
 garbage-first heap   total 98304K, used 70112K [0x0000000583000000, 0x0000000800000000)
  region size 8192K, 6 young (49152K), 1 survivors (8192K)
 Metaspace       used 70114K, committed 70848K, reserved 1114112K
  class space    used 9957K, committed 10304K, reserved 1048576K
}
Event: 497.299 GC heap after
{Heap after GC invocations=29 (full 5):
 garbage-first heap   total 98304K, used 31647K [0x0000000583000000, 0x0000000800000000)
  region size 8192K, 1 young (8192K), 1 survivors (8192K)
 Metaspace       used 70114K, committed 70848K, reserved 1114112K
  class space    used 9957K, committed 10304K, reserved 1048576K
}
Event: 498.932 GC heap before
{Heap before GC invocations=29 (full 5):
 garbage-first heap   total 98304K, used 48031K [0x0000000583000000, 0x0000000800000000)
  region size 8192K, 4 young (32768K), 1 survivors (8192K)
 Metaspace       used 70117K, committed 70848K, reserved 1114112K
  class space    used 9957K, committed 10304K, reserved 1048576K
}

