# JRE version: Java(TM) SE Runtime Environment (21.0.4+8) (build 21.0.4+8-LTS-274)
# Java VM: Java HotSpot(TM) 64-Bit Server VM (21.0.4+8-LTS-274, mixed mode, emulated-client, sharing, tiered, compressed oops, compressed class ptrs, g1 gc, windows-amd64)
GC Precious Log:
 CardTable entry size: 512
 Card Set container configuration: InlinePtr #cards 4 size 8 Array Of Cards #cards 64 size 144 Howl #buckets 8 coarsen threshold 14745 Howl Bitmap #cards 2048 size 272 coarsen threshold 1843 Card regions per heap region 1 cards per card region 16384
 CPUs: 8 total, 8 available
 Memory: 40755M
 Large Page Support: Disabled
 NUMA Support: Disabled
 Compressed Oops: Enabled (Zero based)
 Heap Region Size: 8M
 Heap Min Capacity: 8M
 Heap Initial Capacity: 640M
 Heap Max Capacity: 10192M
 Pre-touch: Disabled
 Parallel Workers: 8
 Concurrent Workers: 2
 Concurrent Refinement Workers: 8
 Periodic GC: Disabled
Heap:
 garbage-first heap   total 98304K, used 46170K [0x0000000583000000, 0x0000000800000000)
  region size 8192K, 4 young (32768K), 1 survivors (8192K)
 Metaspace       used 63926K, committed 64640K, reserved 1114112K
  class space    used 9182K, committed 9472K, reserved 1048576K
GC Heap History (20 events):
Event: 0.947 GC heap before
{Heap before GC invocations=0 (full 0):
 garbage-first heap   total 655360K, used 32768K [0x0000000583000000, 0x0000000800000000)
  region size 8192K, 4 young (32768K), 0 survivors (0K)
 Metaspace       used 7691K, committed 8000K, reserved 1114112K
  class space    used 952K, committed 1088K, reserved 1048576K
}
Event: 0.951 GC heap after
{Heap after GC invocations=1 (full 0):
 garbage-first heap   total 655360K, used 7285K [0x0000000583000000, 0x0000000800000000)
  region size 8192K, 1 young (8192K), 1 survivors (8192K)
 Metaspace       used 7691K, committed 8000K, reserved 1114112K
  class space    used 952K, committed 1088K, reserved 1048576K
}
Event: 1.451 GC heap before
{Heap before GC invocations=1 (full 0):
 garbage-first heap   total 655360K, used 31861K [0x0000000583000000, 0x0000000800000000)
  region size 8192K, 4 young (32768K), 1 survivors (8192K)
 Metaspace       used 13326K, committed 13696K, reserved 1114112K
  class space    used 1761K, committed 1920K, reserved 1048576K
}
Event: 1.456 GC heap after
{Heap after GC invocations=2 (full 0):
 garbage-first heap   total 655360K, used 9776K [0x0000000583000000, 0x0000000800000000)
  region size 8192K, 1 young (8192K), 1 survivors (8192K)
 Metaspace       used 13326K, committed 13696K, reserved 1114112K
  class space    used 1761K, committed 1920K, reserved 1048576K
}
Event: 2.010 GC heap before
{Heap before GC invocations=2 (full 0):
 garbage-first heap   total 655360K, used 34352K [0x0000000583000000, 0x0000000800000000)
  region size 8192K, 6 young (49152K), 1 survivors (8192K)
 Metaspace       used 20637K, committed 20992K, reserved 1114112K
  class space    used 2706K, committed 2880K, reserved 1048576K
}
Event: 2.014 GC heap after
{Heap after GC invocations=3 (full 0):
 garbage-first heap   total 655360K, used 13203K [0x0000000583000000, 0x0000000800000000)
  region size 8192K, 1 young (8192K), 1 survivors (8192K)
 Metaspace       used 20637K, committed 20992K, reserved 1114112K
  class space    used 2706K, committed 2880K, reserved 1048576K
}
Event: 3.257 GC heap before
{Heap before GC invocations=4 (full 0):
 garbage-first heap   total 81920K, used 78739K [0x0000000583000000, 0x0000000800000000)
  region size 8192K, 9 young (73728K), 1 survivors (8192K)
 Metaspace       used 28185K, committed 28736K, reserved 1114112K
  class space    used 3912K, committed 4160K, reserved 1048576K
}
Event: 3.264 GC heap after
{Heap after GC invocations=5 (full 0):
 garbage-first heap   total 98304K, used 18054K [0x0000000583000000, 0x0000000800000000)
  region size 8192K, 2 young (16384K), 2 survivors (16384K)
 Metaspace       used 28185K, committed 28736K, reserved 1114112K
  class space    used 3912K, committed 4160K, reserved 1048576K
}
Event: 3.924 GC heap before
{Heap before GC invocations=5 (full 0):
 garbage-first heap   total 98304K, used 50822K [0x0000000583000000, 0x0000000800000000)
  region size 8192K, 7 young (57344K), 2 survivors (16384K)
 Metaspace       used 34408K, committed 35008K, reserved 1114112K
  class space    used 4631K, committed 4928K, reserved 1048576K
}
Event: 3.932 GC heap after
{Heap after GC invocations=6 (full 0):
 garbage-first heap   total 98304K, used 20194K [0x0000000583000000, 0x0000000800000000)
  region size 8192K, 1 young (8192K), 1 survivors (8192K)
 Metaspace       used 34408K, committed 35008K, reserved 1114112K
  class space    used 4631K, committed 4928K, reserved 1048576K
}
Event: 3.956 GC heap before
{Heap before GC invocations=6 (full 0):
 garbage-first heap   total 98304K, used 20194K [0x0000000583000000, 0x0000000800000000)
  region size 8192K, 2 young (16384K), 1 survivors (8192K)
 Metaspace       used 34715K, committed 35328K, reserved 1114112K
  class space    used 4683K, committed 4992K, reserved 1048576K
}
Event: 3.959 GC heap after
{Heap after GC invocations=7 (full 0):
 garbage-first heap   total 98304K, used 19576K [0x0000000583000000, 0x0000000800000000)
  region size 8192K, 1 young (8192K), 1 survivors (8192K)
 Metaspace       used 34715K, committed 35328K, reserved 1114112K
  class space    used 4683K, committed 4992K, reserved 1048576K
}
Event: 4.952 GC heap before
{Heap before GC invocations=8 (full 0):
 garbage-first heap   total 98304K, used 68728K [0x0000000583000000, 0x0000000800000000)
  region size 8192K, 7 young (57344K), 1 survivors (8192K)
 Metaspace       used 47732K, committed 48384K, reserved 1114112K
  class space    used 6730K, committed 6976K, reserved 1048576K
}
Event: 4.956 GC heap after
{Heap after GC invocations=9 (full 0):
 garbage-first heap   total 98304K, used 22600K [0x0000000583000000, 0x0000000800000000)
  region size 8192K, 1 young (8192K), 1 survivors (8192K)
 Metaspace       used 47732K, committed 48384K, reserved 1114112K
  class space    used 6730K, committed 6976K, reserved 1048576K
}
Event: 5.895 GC heap before
{Heap before GC invocations=9 (full 0):
 garbage-first heap   total 98304K, used 71752K [0x0000000583000000, 0x0000000800000000)
  region size 8192K, 7 young (57344K), 1 survivors (8192K)
 Metaspace       used 58034K, committed 58752K, reserved 1114112K
  class space    used 8249K, committed 8576K, reserved 1048576K
}
Event: 5.900 GC heap after
{Heap after GC invocations=10 (full 0):
 garbage-first heap   total 98304K, used 26200K [0x0000000583000000, 0x0000000800000000)
  region size 8192K, 1 young (8192K), 1 survivors (8192K)
 Metaspace       used 58034K, committed 58752K, reserved 1114112K
  class space    used 8249K, committed 8576K, reserved 1048576K
}
Event: 5.925 GC heap before
{Heap before GC invocations=10 (full 0):
 garbage-first heap   total 98304K, used 26200K [0x0000000583000000, 0x0000000800000000)
  region size 8192K, 2 young (16384K), 1 survivors (8192K)
 Metaspace       used 58425K, committed 59136K, reserved 1114112K
  class space    used 8292K, committed 8640K, reserved 1048576K
}
Event: 5.929 GC heap after
{Heap after GC invocations=11 (full 0):
 garbage-first heap   total 98304K, used 25939K [0x0000000583000000, 0x0000000800000000)
  region size 8192K, 1 young (8192K), 1 survivors (8192K)
 Metaspace       used 58425K, committed 59136K, reserved 1114112K
  class space    used 8292K, committed 8640K, reserved 1048576K
}
Event: 6.685 GC heap before
{Heap before GC invocations=12 (full 0):
 garbage-first heap   total 98304K, used 75091K [0x0000000583000000, 0x0000000800000000)
  region size 8192K, 7 young (57344K), 1 survivors (8192K)
 Metaspace       used 61815K, committed 62592K, reserved 1114112K
  class space    used 8892K, committed 9216K, reserved 1048576K
}
Event: 6.690 GC heap after
{Heap after GC invocations=13 (full 0):
 garbage-first heap   total 98304K, used 29786K [0x0000000583000000, 0x0000000800000000)
  region size 8192K, 1 young (8192K), 1 survivors (8192K)
 Metaspace       used 61815K, committed 62592K, reserved 1114112K
  class space    used 8892K, committed 9216K, reserved 1048576K
}

